1720781575.352885 client started (60872): version 3.4, socket /private/tmp/tmux-501/default, protocol 8
1720781575.353012 on Darwin 23.5.0 Darwin Kernel Version 23.5.0: Wed May  1 20:19:05 PDT 2024; root:xnu-10063.121.3~5/RELEASE_ARM64_T8112
1720781575.353043 using libevent 2.1.12-stable select
1720781575.353507 using utf8proc 2.9.0
1720781575.353535 using ncurses 6.5 20240427
1720781575.353574 flags are 0x18010000
1720781575.353589 socket is /private/tmp/tmux-501/default
1720781575.353613 trying connect
1720781575.353693 add peer 0x128008000: 6 (0x0)
1720781575.357009 sending message 100 to peer 0x128008000 (4 bytes)
1720781575.357032 sending message 111 to peer 0x128008000 (8 bytes)
1720781575.357045 sending message 101 to peer 0x128008000 (15 bytes)
1720781575.357058 sending message 109 to peer 0x128008000 (4 bytes)
1720781575.357069 sending message 102 to peer 0x128008000 (13 bytes)
1720781575.357080 sending message 108 to peer 0x128008000 (28 bytes)
1720781575.357091 sending message 112 to peer 0x128008000 (58 bytes)
1720781575.357103 sending message 112 to peer 0x128008000 (5 bytes)
1720781575.357114 sending message 112 to peer 0x128008000 (5 bytes)
1720781575.357124 sending message 112 to peer 0x128008000 (6 bytes)
1720781575.357135 sending message 112 to peer 0x128008000 (6 bytes)
1720781575.357146 sending message 112 to peer 0x128008000 (11 bytes)
1720781575.357156 sending message 112 to peer 0x128008000 (10 bytes)
1720781575.357167 sending message 112 to peer 0x128008000 (13 bytes)
1720781575.357178 sending message 112 to peer 0x128008000 (14 bytes)
1720781575.357189 sending message 112 to peer 0x128008000 (19 bytes)
1720781575.357199 sending message 112 to peer 0x128008000 (11 bytes)
1720781575.357210 sending message 112 to peer 0x128008000 (10 bytes)
1720781575.357221 sending message 112 to peer 0x128008000 (15 bytes)
1720781575.357231 sending message 112 to peer 0x128008000 (21 bytes)
1720781575.357242 sending message 112 to peer 0x128008000 (13 bytes)
1720781575.357253 sending message 112 to peer 0x128008000 (7 bytes)
1720781575.357264 sending message 112 to peer 0x128008000 (13 bytes)
1720781575.357274 sending message 112 to peer 0x128008000 (7 bytes)
1720781575.357285 sending message 112 to peer 0x128008000 (13 bytes)
1720781575.357296 sending message 112 to peer 0x128008000 (9 bytes)
1720781575.357307 sending message 112 to peer 0x128008000 (21 bytes)
1720781575.357318 sending message 112 to peer 0x128008000 (13 bytes)
1720781575.357328 sending message 112 to peer 0x128008000 (9 bytes)
1720781575.357339 sending message 112 to peer 0x128008000 (16 bytes)
1720781575.357349 sending message 112 to peer 0x128008000 (13 bytes)
1720781575.357360 sending message 112 to peer 0x128008000 (9 bytes)
1720781575.357371 sending message 112 to peer 0x128008000 (9 bytes)
1720781575.357381 sending message 112 to peer 0x128008000 (12 bytes)
1720781575.357392 sending message 112 to peer 0x128008000 (8 bytes)
1720781575.357403 sending message 112 to peer 0x128008000 (8 bytes)
1720781575.357414 sending message 112 to peer 0x128008000 (13 bytes)
1720781575.357424 sending message 112 to peer 0x128008000 (7 bytes)
1720781575.357435 sending message 112 to peer 0x128008000 (7 bytes)
1720781575.357446 sending message 112 to peer 0x128008000 (9 bytes)
1720781575.357456 sending message 112 to peer 0x128008000 (9 bytes)
1720781575.357467 sending message 112 to peer 0x128008000 (15 bytes)
1720781575.357477 sending message 112 to peer 0x128008000 (13 bytes)
1720781575.357488 sending message 112 to peer 0x128008000 (12 bytes)
1720781575.357499 sending message 112 to peer 0x128008000 (8 bytes)
1720781575.357509 sending message 112 to peer 0x128008000 (14 bytes)
1720781575.357520 sending message 112 to peer 0x128008000 (11 bytes)
1720781575.357530 sending message 112 to peer 0x128008000 (9 bytes)
1720781575.357541 sending message 112 to peer 0x128008000 (10 bytes)
1720781575.357551 sending message 112 to peer 0x128008000 (10 bytes)
1720781575.357562 sending message 112 to peer 0x128008000 (10 bytes)
1720781575.357572 sending message 112 to peer 0x128008000 (10 bytes)
1720781575.357600 sending message 112 to peer 0x128008000 (11 bytes)
1720781575.357609 sending message 112 to peer 0x128008000 (12 bytes)
1720781575.357617 sending message 112 to peer 0x128008000 (12 bytes)
1720781575.357625 sending message 112 to peer 0x128008000 (12 bytes)
1720781575.357633 sending message 112 to peer 0x128008000 (12 bytes)
1720781575.357642 sending message 112 to peer 0x128008000 (12 bytes)
1720781575.357650 sending message 112 to peer 0x128008000 (11 bytes)
1720781575.357658 sending message 112 to peer 0x128008000 (11 bytes)
1720781575.357666 sending message 112 to peer 0x128008000 (12 bytes)
1720781575.357674 sending message 112 to peer 0x128008000 (12 bytes)
1720781575.357682 sending message 112 to peer 0x128008000 (12 bytes)
1720781575.357690 sending message 112 to peer 0x128008000 (12 bytes)
1720781575.357698 sending message 112 to peer 0x128008000 (12 bytes)
1720781575.357706 sending message 112 to peer 0x128008000 (9 bytes)
1720781575.357714 sending message 112 to peer 0x128008000 (12 bytes)
1720781575.357721 sending message 112 to peer 0x128008000 (13 bytes)
1720781575.357730 sending message 112 to peer 0x128008000 (13 bytes)
1720781575.357738 sending message 112 to peer 0x128008000 (13 bytes)
1720781575.357746 sending message 112 to peer 0x128008000 (13 bytes)
1720781575.357754 sending message 112 to peer 0x128008000 (13 bytes)
1720781575.357762 sending message 112 to peer 0x128008000 (8 bytes)
1720781575.357770 sending message 112 to peer 0x128008000 (11 bytes)
1720781575.357778 sending message 112 to peer 0x128008000 (11 bytes)
1720781575.357785 sending message 112 to peer 0x128008000 (11 bytes)
1720781575.357793 sending message 112 to peer 0x128008000 (12 bytes)
1720781575.357801 sending message 112 to peer 0x128008000 (12 bytes)
1720781575.357809 sending message 112 to peer 0x128008000 (12 bytes)
1720781575.357817 sending message 112 to peer 0x128008000 (12 bytes)
1720781575.357825 sending message 112 to peer 0x128008000 (13 bytes)
1720781575.357832 sending message 112 to peer 0x128008000 (13 bytes)
1720781575.357840 sending message 112 to peer 0x128008000 (13 bytes)
1720781575.357848 sending message 112 to peer 0x128008000 (8 bytes)
1720781575.357856 sending message 112 to peer 0x128008000 (13 bytes)
1720781575.357864 sending message 112 to peer 0x128008000 (13 bytes)
1720781575.357872 sending message 112 to peer 0x128008000 (13 bytes)
1720781575.357880 sending message 112 to peer 0x128008000 (13 bytes)
1720781575.357888 sending message 112 to peer 0x128008000 (13 bytes)
1720781575.357896 sending message 112 to peer 0x128008000 (12 bytes)
1720781575.357904 sending message 112 to peer 0x128008000 (12 bytes)
1720781575.357912 sending message 112 to peer 0x128008000 (12 bytes)
1720781575.357919 sending message 112 to peer 0x128008000 (12 bytes)
1720781575.357927 sending message 112 to peer 0x128008000 (13 bytes)
1720781575.357935 sending message 112 to peer 0x128008000 (8 bytes)
1720781575.357943 sending message 112 to peer 0x128008000 (13 bytes)
1720781575.357951 sending message 112 to peer 0x128008000 (13 bytes)
1720781575.357959 sending message 112 to peer 0x128008000 (13 bytes)
1720781575.357967 sending message 112 to peer 0x128008000 (13 bytes)
1720781575.357975 sending message 112 to peer 0x128008000 (13 bytes)
1720781575.357983 sending message 112 to peer 0x128008000 (13 bytes)
1720781575.357991 sending message 112 to peer 0x128008000 (13 bytes)
1720781575.357999 sending message 112 to peer 0x128008000 (12 bytes)
1720781575.358006 sending message 112 to peer 0x128008000 (12 bytes)
1720781575.358014 sending message 112 to peer 0x128008000 (12 bytes)
1720781575.358022 sending message 112 to peer 0x128008000 (8 bytes)
1720781575.358030 sending message 112 to peer 0x128008000 (12 bytes)
1720781575.358038 sending message 112 to peer 0x128008000 (13 bytes)
1720781575.358046 sending message 112 to peer 0x128008000 (13 bytes)
1720781575.358054 sending message 112 to peer 0x128008000 (13 bytes)
1720781575.358062 sending message 112 to peer 0x128008000 (13 bytes)
1720781575.358070 sending message 112 to peer 0x128008000 (13 bytes)
1720781575.358089 sending message 112 to peer 0x128008000 (13 bytes)
1720781575.358097 sending message 112 to peer 0x128008000 (13 bytes)
1720781575.358105 sending message 112 to peer 0x128008000 (13 bytes)
1720781575.358112 sending message 112 to peer 0x128008000 (12 bytes)
1720781575.358120 sending message 112 to peer 0x128008000 (10 bytes)
1720781575.358128 sending message 112 to peer 0x128008000 (12 bytes)
1720781575.358136 sending message 112 to peer 0x128008000 (12 bytes)
1720781575.358144 sending message 112 to peer 0x128008000 (12 bytes)
1720781575.358152 sending message 112 to peer 0x128008000 (13 bytes)
1720781575.358160 sending message 112 to peer 0x128008000 (13 bytes)
1720781575.358168 sending message 112 to peer 0x128008000 (13 bytes)
1720781575.358175 sending message 112 to peer 0x128008000 (13 bytes)
1720781575.358183 sending message 112 to peer 0x128008000 (13 bytes)
1720781575.358191 sending message 112 to peer 0x128008000 (13 bytes)
1720781575.358199 sending message 112 to peer 0x128008000 (13 bytes)
1720781575.358207 sending message 112 to peer 0x128008000 (10 bytes)
1720781575.358215 sending message 112 to peer 0x128008000 (13 bytes)
1720781575.358222 sending message 112 to peer 0x128008000 (12 bytes)
1720781575.358230 sending message 112 to peer 0x128008000 (12 bytes)
1720781575.358238 sending message 112 to peer 0x128008000 (12 bytes)
1720781575.358246 sending message 112 to peer 0x128008000 (10 bytes)
1720781575.358254 sending message 112 to peer 0x128008000 (10 bytes)
1720781575.358262 sending message 112 to peer 0x128008000 (10 bytes)
1720781575.358270 sending message 112 to peer 0x128008000 (12 bytes)
1720781575.358278 sending message 112 to peer 0x128008000 (13 bytes)
1720781575.358286 sending message 112 to peer 0x128008000 (13 bytes)
1720781575.358294 sending message 112 to peer 0x128008000 (13 bytes)
1720781575.358302 sending message 112 to peer 0x128008000 (13 bytes)
1720781575.358310 sending message 112 to peer 0x128008000 (13 bytes)
1720781575.358318 sending message 112 to peer 0x128008000 (10 bytes)
1720781575.358326 sending message 112 to peer 0x128008000 (11 bytes)
1720781575.358334 sending message 112 to peer 0x128008000 (12 bytes)
1720781575.358342 sending message 112 to peer 0x128008000 (12 bytes)
1720781575.358349 sending message 112 to peer 0x128008000 (12 bytes)
1720781575.358357 sending message 112 to peer 0x128008000 (12 bytes)
1720781575.358365 sending message 112 to peer 0x128008000 (12 bytes)
1720781575.358373 sending message 112 to peer 0x128008000 (11 bytes)
1720781575.358381 sending message 112 to peer 0x128008000 (12 bytes)
1720781575.358389 sending message 112 to peer 0x128008000 (12 bytes)
1720781575.358397 sending message 112 to peer 0x128008000 (13 bytes)
1720781575.358405 sending message 112 to peer 0x128008000 (13 bytes)
1720781575.358412 sending message 112 to peer 0x128008000 (13 bytes)
1720781575.358420 sending message 112 to peer 0x128008000 (13 bytes)
1720781575.358428 sending message 112 to peer 0x128008000 (13 bytes)
1720781575.358436 sending message 112 to peer 0x128008000 (10 bytes)
1720781575.358444 sending message 112 to peer 0x128008000 (9 bytes)
1720781575.358452 sending message 112 to peer 0x128008000 (12 bytes)
1720781575.358460 sending message 112 to peer 0x128008000 (13 bytes)
1720781575.358468 sending message 112 to peer 0x128008000 (13 bytes)
1720781575.358476 sending message 112 to peer 0x128008000 (13 bytes)
1720781575.358484 sending message 112 to peer 0x128008000 (13 bytes)
1720781575.358491 sending message 112 to peer 0x128008000 (13 bytes)
1720781575.358499 sending message 112 to peer 0x128008000 (9 bytes)
1720781575.358507 sending message 112 to peer 0x128008000 (12 bytes)
1720781575.358515 sending message 112 to peer 0x128008000 (13 bytes)
1720781575.358523 sending message 112 to peer 0x128008000 (13 bytes)
1720781575.358531 sending message 112 to peer 0x128008000 (13 bytes)
1720781575.358539 sending message 112 to peer 0x128008000 (13 bytes)
1720781575.358546 sending message 112 to peer 0x128008000 (13 bytes)
1720781575.358564 sending message 112 to peer 0x128008000 (11 bytes)
1720781575.358572 sending message 112 to peer 0x128008000 (12 bytes)
1720781575.358580 sending message 112 to peer 0x128008000 (13 bytes)
1720781575.358588 sending message 112 to peer 0x128008000 (13 bytes)
1720781575.358596 sending message 112 to peer 0x128008000 (13 bytes)
1720781575.358604 sending message 112 to peer 0x128008000 (13 bytes)
1720781575.358612 sending message 112 to peer 0x128008000 (13 bytes)
1720781575.358620 sending message 112 to peer 0x128008000 (11 bytes)
1720781575.358628 sending message 112 to peer 0x128008000 (12 bytes)
1720781575.358636 sending message 112 to peer 0x128008000 (12 bytes)
1720781575.358644 sending message 112 to peer 0x128008000 (12 bytes)
1720781575.358652 sending message 112 to peer 0x128008000 (12 bytes)
1720781575.358659 sending message 112 to peer 0x128008000 (12 bytes)
1720781575.358667 sending message 112 to peer 0x128008000 (21 bytes)
1720781575.358675 sending message 112 to peer 0x128008000 (12 bytes)
1720781575.358683 sending message 112 to peer 0x128008000 (9 bytes)
1720781575.358691 sending message 112 to peer 0x128008000 (6 bytes)
1720781575.358699 sending message 112 to peer 0x128008000 (13 bytes)
1720781575.358707 sending message 112 to peer 0x128008000 (10 bytes)
1720781575.358715 sending message 112 to peer 0x128008000 (24 bytes)
1720781575.358723 sending message 112 to peer 0x128008000 (13 bytes)
1720781575.358730 sending message 112 to peer 0x128008000 (9 bytes)
1720781575.358738 sending message 112 to peer 0x128008000 (70 bytes)
1720781575.358746 sending message 112 to peer 0x128008000 (69 bytes)
1720781575.358754 sending message 112 to peer 0x128008000 (12 bytes)
1720781575.358762 sending message 112 to peer 0x128008000 (10 bytes)
1720781575.358770 sending message 112 to peer 0x128008000 (10 bytes)
1720781575.358778 sending message 112 to peer 0x128008000 (24 bytes)
1720781575.358786 sending message 112 to peer 0x128008000 (13 bytes)
1720781575.358794 sending message 112 to peer 0x128008000 (10 bytes)
1720781575.358801 sending message 112 to peer 0x128008000 (10 bytes)
1720781575.358809 sending message 112 to peer 0x128008000 (10 bytes)
1720781575.358817 sending message 112 to peer 0x128008000 (13 bytes)
1720781575.358825 sending message 112 to peer 0x128008000 (15 bytes)
1720781575.358833 sending message 112 to peer 0x128008000 (5 bytes)
1720781575.358843 sending message 104 to peer 0x128008000 (0 bytes)
1720781575.358852 sending message 110 to peer 0x128008000 (0 bytes)
1720781575.358860 sending message 107 to peer 0x128008000 (4 bytes)
1720781575.358868 sending message 105 to peer 0x128008000 (20 bytes)
1720781575.358876 sending message 105 to peer 0x128008000 (22 bytes)
1720781575.358884 sending message 105 to peer 0x128008000 (24 bytes)
1720781575.358892 sending message 105 to peer 0x128008000 (17 bytes)
1720781575.358900 sending message 105 to peer 0x128008000 (27 bytes)
1720781575.358908 sending message 105 to peer 0x128008000 (20 bytes)
1720781575.358916 sending message 105 to peer 0x128008000 (602 bytes)
1720781575.358925 sending message 105 to peer 0x128008000 (15 bytes)
1720781575.358932 sending message 105 to peer 0x128008000 (66 bytes)
1720781575.358941 sending message 105 to peer 0x128008000 (20 bytes)
1720781575.358949 sending message 105 to peer 0x128008000 (21 bytes)
1720781575.358957 sending message 105 to peer 0x128008000 (46 bytes)
1720781575.358965 sending message 105 to peer 0x128008000 (57 bytes)
1720781575.358973 sending message 105 to peer 0x128008000 (17 bytes)
1720781575.358981 sending message 105 to peer 0x128008000 (54 bytes)
1720781575.358989 sending message 105 to peer 0x128008000 (67 bytes)
1720781575.358997 sending message 105 to peer 0x128008000 (72 bytes)
1720781575.359005 sending message 105 to peer 0x128008000 (64 bytes)
1720781575.359013 sending message 105 to peer 0x128008000 (16 bytes)
1720781575.359021 sending message 105 to peer 0x128008000 (75 bytes)
1720781575.359029 sending message 105 to peer 0x128008000 (14 bytes)
1720781575.359049 sending message 105 to peer 0x128008000 (19 bytes)
1720781575.359058 sending message 105 to peer 0x128008000 (44 bytes)
1720781575.359066 sending message 105 to peer 0x128008000 (39 bytes)
1720781575.359074 sending message 105 to peer 0x128008000 (8 bytes)
1720781575.359082 sending message 105 to peer 0x128008000 (32 bytes)
1720781575.359090 sending message 105 to peer 0x128008000 (26 bytes)
1720781575.359098 sending message 105 to peer 0x128008000 (30 bytes)
1720781575.359106 sending message 105 to peer 0x128008000 (37 bytes)
1720781575.359114 sending message 105 to peer 0x128008000 (34 bytes)
1720781575.359122 sending message 105 to peer 0x128008000 (34 bytes)
1720781575.359130 sending message 105 to peer 0x128008000 (35 bytes)
1720781575.359138 sending message 105 to peer 0x128008000 (18 bytes)
1720781575.359146 sending message 105 to peer 0x128008000 (19 bytes)
1720781575.359153 sending message 105 to peer 0x128008000 (50 bytes)
1720781575.359161 sending message 105 to peer 0x128008000 (7 bytes)
1720781575.359169 sending message 105 to peer 0x128008000 (11 bytes)
1720781575.359177 sending message 105 to peer 0x128008000 (58 bytes)
1720781575.359185 sending message 105 to peer 0x128008000 (14 bytes)
1720781575.359193 sending message 105 to peer 0x128008000 (43 bytes)
1720781575.359206 sending message 105 to peer 0x128008000 (23 bytes)
1720781575.359214 sending message 105 to peer 0x128008000 (30 bytes)
1720781575.359222 sending message 105 to peer 0x128008000 (19 bytes)
1720781575.359230 sending message 105 to peer 0x128008000 (38 bytes)
1720781575.359238 sending message 105 to peer 0x128008000 (25 bytes)
1720781575.359246 sending message 106 to peer 0x128008000 (0 bytes)
1720781575.359353 sending message 200 to peer 0x128008000 (4 bytes)
1720781575.359365 client loop enter
1720781575.362790 peer 0x128008000 message 207
1720781575.362819 sending message 208 to peer 0x128008000 (0 bytes)
1720781583.002617 peer 0x128008000 message 203
1720781583.002666 sending message 205 to peer 0x128008000 (0 bytes)
1720781583.002941 peer 0x128008000 message 204
1720781583.002958 client loop exit
