1720781578.785337 client started (60901): version 3.4, socket /private/tmp/tmux-501/default, protocol 8
1720781578.785466 on Darwin 23.5.0 Darwin Kernel Version 23.5.0: Wed May  1 20:19:05 PDT 2024; root:xnu-10063.121.3~5/RELEASE_ARM64_T8112
1720781578.785490 using libevent 2.1.12-stable select
1720781578.785508 using utf8proc 2.9.0
1720781578.785524 using ncurses 6.5 20240427
1720781578.785558 flags are 0x10010000
1720781578.785573 socket is /private/tmp/tmux-501/default
1720781578.785594 trying connect
1720781578.785685 add peer 0x130008000: 6 (0x0)
1720781578.789549 sending message 100 to peer 0x130008000 (4 bytes)
1720781578.789588 sending message 111 to peer 0x130008000 (8 bytes)
1720781578.789603 sending message 101 to peer 0x130008000 (14 bytes)
1720781578.789615 sending message 109 to peer 0x130008000 (4 bytes)
1720781578.789626 sending message 102 to peer 0x130008000 (13 bytes)
1720781578.789638 sending message 108 to peer 0x130008000 (28 bytes)
1720781578.789648 sending message 112 to peer 0x130008000 (70 bytes)
1720781578.789659 sending message 112 to peer 0x130008000 (5 bytes)
1720781578.789670 sending message 112 to peer 0x130008000 (5 bytes)
1720781578.789681 sending message 112 to peer 0x130008000 (6 bytes)
1720781578.789691 sending message 112 to peer 0x130008000 (6 bytes)
1720781578.789701 sending message 112 to peer 0x130008000 (11 bytes)
1720781578.789712 sending message 112 to peer 0x130008000 (10 bytes)
1720781578.789722 sending message 112 to peer 0x130008000 (13 bytes)
1720781578.789733 sending message 112 to peer 0x130008000 (13 bytes)
1720781578.789743 sending message 112 to peer 0x130008000 (18 bytes)
1720781578.789754 sending message 112 to peer 0x130008000 (11 bytes)
1720781578.789764 sending message 112 to peer 0x130008000 (10 bytes)
1720781578.789774 sending message 112 to peer 0x130008000 (15 bytes)
1720781578.789785 sending message 112 to peer 0x130008000 (21 bytes)
1720781578.789795 sending message 112 to peer 0x130008000 (13 bytes)
1720781578.789805 sending message 112 to peer 0x130008000 (7 bytes)
1720781578.789816 sending message 112 to peer 0x130008000 (13 bytes)
1720781578.789826 sending message 112 to peer 0x130008000 (7 bytes)
1720781578.789837 sending message 112 to peer 0x130008000 (13 bytes)
1720781578.789848 sending message 112 to peer 0x130008000 (9 bytes)
1720781578.789858 sending message 112 to peer 0x130008000 (21 bytes)
1720781578.789868 sending message 112 to peer 0x130008000 (13 bytes)
1720781578.789879 sending message 112 to peer 0x130008000 (8 bytes)
1720781578.789889 sending message 112 to peer 0x130008000 (12 bytes)
1720781578.789899 sending message 112 to peer 0x130008000 (13 bytes)
1720781578.789910 sending message 112 to peer 0x130008000 (9 bytes)
1720781578.789920 sending message 112 to peer 0x130008000 (9 bytes)
1720781578.789930 sending message 112 to peer 0x130008000 (12 bytes)
1720781578.789940 sending message 112 to peer 0x130008000 (8 bytes)
1720781578.789951 sending message 112 to peer 0x130008000 (8 bytes)
1720781578.789961 sending message 112 to peer 0x130008000 (7 bytes)
1720781578.789971 sending message 112 to peer 0x130008000 (7 bytes)
1720781578.789981 sending message 112 to peer 0x130008000 (9 bytes)
1720781578.789992 sending message 112 to peer 0x130008000 (13 bytes)
1720781578.790002 sending message 112 to peer 0x130008000 (6 bytes)
1720781578.790012 sending message 112 to peer 0x130008000 (9 bytes)
1720781578.790023 sending message 112 to peer 0x130008000 (15 bytes)
1720781578.790033 sending message 112 to peer 0x130008000 (13 bytes)
1720781578.790043 sending message 112 to peer 0x130008000 (12 bytes)
1720781578.790053 sending message 112 to peer 0x130008000 (8 bytes)
1720781578.790064 sending message 112 to peer 0x130008000 (14 bytes)
1720781578.790074 sending message 112 to peer 0x130008000 (11 bytes)
1720781578.790084 sending message 112 to peer 0x130008000 (9 bytes)
1720781578.790094 sending message 112 to peer 0x130008000 (10 bytes)
1720781578.790105 sending message 112 to peer 0x130008000 (10 bytes)
1720781578.790115 sending message 112 to peer 0x130008000 (10 bytes)
1720781578.790143 sending message 112 to peer 0x130008000 (10 bytes)
1720781578.790152 sending message 112 to peer 0x130008000 (11 bytes)
1720781578.790160 sending message 112 to peer 0x130008000 (12 bytes)
1720781578.790167 sending message 112 to peer 0x130008000 (12 bytes)
1720781578.790175 sending message 112 to peer 0x130008000 (12 bytes)
1720781578.790183 sending message 112 to peer 0x130008000 (12 bytes)
1720781578.790191 sending message 112 to peer 0x130008000 (12 bytes)
1720781578.790199 sending message 112 to peer 0x130008000 (11 bytes)
1720781578.790207 sending message 112 to peer 0x130008000 (11 bytes)
1720781578.790214 sending message 112 to peer 0x130008000 (12 bytes)
1720781578.790222 sending message 112 to peer 0x130008000 (12 bytes)
1720781578.790230 sending message 112 to peer 0x130008000 (12 bytes)
1720781578.790238 sending message 112 to peer 0x130008000 (12 bytes)
1720781578.790245 sending message 112 to peer 0x130008000 (12 bytes)
1720781578.790253 sending message 112 to peer 0x130008000 (10 bytes)
1720781578.790261 sending message 112 to peer 0x130008000 (12 bytes)
1720781578.790269 sending message 112 to peer 0x130008000 (13 bytes)
1720781578.790277 sending message 112 to peer 0x130008000 (13 bytes)
1720781578.790285 sending message 112 to peer 0x130008000 (13 bytes)
1720781578.790292 sending message 112 to peer 0x130008000 (13 bytes)
1720781578.790300 sending message 112 to peer 0x130008000 (13 bytes)
1720781578.790308 sending message 112 to peer 0x130008000 (8 bytes)
1720781578.790316 sending message 112 to peer 0x130008000 (11 bytes)
1720781578.790324 sending message 112 to peer 0x130008000 (11 bytes)
1720781578.790331 sending message 112 to peer 0x130008000 (11 bytes)
1720781578.790339 sending message 112 to peer 0x130008000 (12 bytes)
1720781578.790347 sending message 112 to peer 0x130008000 (12 bytes)
1720781578.790354 sending message 112 to peer 0x130008000 (12 bytes)
1720781578.790362 sending message 112 to peer 0x130008000 (12 bytes)
1720781578.790370 sending message 112 to peer 0x130008000 (13 bytes)
1720781578.790377 sending message 112 to peer 0x130008000 (13 bytes)
1720781578.790385 sending message 112 to peer 0x130008000 (13 bytes)
1720781578.790393 sending message 112 to peer 0x130008000 (8 bytes)
1720781578.790401 sending message 112 to peer 0x130008000 (13 bytes)
1720781578.790409 sending message 112 to peer 0x130008000 (13 bytes)
1720781578.790417 sending message 112 to peer 0x130008000 (13 bytes)
1720781578.790425 sending message 112 to peer 0x130008000 (13 bytes)
1720781578.790433 sending message 112 to peer 0x130008000 (13 bytes)
1720781578.790440 sending message 112 to peer 0x130008000 (12 bytes)
1720781578.790448 sending message 112 to peer 0x130008000 (12 bytes)
1720781578.790456 sending message 112 to peer 0x130008000 (12 bytes)
1720781578.790463 sending message 112 to peer 0x130008000 (12 bytes)
1720781578.790472 sending message 112 to peer 0x130008000 (13 bytes)
1720781578.790480 sending message 112 to peer 0x130008000 (8 bytes)
1720781578.790487 sending message 112 to peer 0x130008000 (13 bytes)
1720781578.790495 sending message 112 to peer 0x130008000 (13 bytes)
1720781578.790503 sending message 112 to peer 0x130008000 (13 bytes)
1720781578.790511 sending message 112 to peer 0x130008000 (13 bytes)
1720781578.790519 sending message 112 to peer 0x130008000 (13 bytes)
1720781578.790526 sending message 112 to peer 0x130008000 (13 bytes)
1720781578.790534 sending message 112 to peer 0x130008000 (13 bytes)
1720781578.790542 sending message 112 to peer 0x130008000 (12 bytes)
1720781578.790550 sending message 112 to peer 0x130008000 (12 bytes)
1720781578.790557 sending message 112 to peer 0x130008000 (12 bytes)
1720781578.790565 sending message 112 to peer 0x130008000 (8 bytes)
1720781578.790573 sending message 112 to peer 0x130008000 (12 bytes)
1720781578.790581 sending message 112 to peer 0x130008000 (13 bytes)
1720781578.790588 sending message 112 to peer 0x130008000 (13 bytes)
1720781578.790596 sending message 112 to peer 0x130008000 (13 bytes)
1720781578.790604 sending message 112 to peer 0x130008000 (13 bytes)
1720781578.790623 sending message 112 to peer 0x130008000 (13 bytes)
1720781578.790631 sending message 112 to peer 0x130008000 (13 bytes)
1720781578.790639 sending message 112 to peer 0x130008000 (13 bytes)
1720781578.790646 sending message 112 to peer 0x130008000 (13 bytes)
1720781578.790655 sending message 112 to peer 0x130008000 (12 bytes)
1720781578.790662 sending message 112 to peer 0x130008000 (10 bytes)
1720781578.790670 sending message 112 to peer 0x130008000 (12 bytes)
1720781578.790678 sending message 112 to peer 0x130008000 (12 bytes)
1720781578.790686 sending message 112 to peer 0x130008000 (12 bytes)
1720781578.790694 sending message 112 to peer 0x130008000 (13 bytes)
1720781578.790702 sending message 112 to peer 0x130008000 (13 bytes)
1720781578.790710 sending message 112 to peer 0x130008000 (13 bytes)
1720781578.790718 sending message 112 to peer 0x130008000 (13 bytes)
1720781578.790725 sending message 112 to peer 0x130008000 (13 bytes)
1720781578.790733 sending message 112 to peer 0x130008000 (13 bytes)
1720781578.790741 sending message 112 to peer 0x130008000 (13 bytes)
1720781578.790749 sending message 112 to peer 0x130008000 (10 bytes)
1720781578.790757 sending message 112 to peer 0x130008000 (13 bytes)
1720781578.790764 sending message 112 to peer 0x130008000 (12 bytes)
1720781578.790772 sending message 112 to peer 0x130008000 (12 bytes)
1720781578.790780 sending message 112 to peer 0x130008000 (12 bytes)
1720781578.790788 sending message 112 to peer 0x130008000 (10 bytes)
1720781578.790795 sending message 112 to peer 0x130008000 (10 bytes)
1720781578.790803 sending message 112 to peer 0x130008000 (10 bytes)
1720781578.790811 sending message 112 to peer 0x130008000 (12 bytes)
1720781578.790819 sending message 112 to peer 0x130008000 (13 bytes)
1720781578.790827 sending message 112 to peer 0x130008000 (13 bytes)
1720781578.790834 sending message 112 to peer 0x130008000 (13 bytes)
1720781578.790842 sending message 112 to peer 0x130008000 (13 bytes)
1720781578.790850 sending message 112 to peer 0x130008000 (13 bytes)
1720781578.790858 sending message 112 to peer 0x130008000 (11 bytes)
1720781578.790866 sending message 112 to peer 0x130008000 (11 bytes)
1720781578.790873 sending message 112 to peer 0x130008000 (12 bytes)
1720781578.790881 sending message 112 to peer 0x130008000 (12 bytes)
1720781578.790889 sending message 112 to peer 0x130008000 (12 bytes)
1720781578.790897 sending message 112 to peer 0x130008000 (12 bytes)
1720781578.790904 sending message 112 to peer 0x130008000 (12 bytes)
1720781578.790912 sending message 112 to peer 0x130008000 (11 bytes)
1720781578.790920 sending message 112 to peer 0x130008000 (12 bytes)
1720781578.790928 sending message 112 to peer 0x130008000 (12 bytes)
1720781578.790936 sending message 112 to peer 0x130008000 (13 bytes)
1720781578.790943 sending message 112 to peer 0x130008000 (13 bytes)
1720781578.790951 sending message 112 to peer 0x130008000 (13 bytes)
1720781578.790959 sending message 112 to peer 0x130008000 (13 bytes)
1720781578.790967 sending message 112 to peer 0x130008000 (13 bytes)
1720781578.790974 sending message 112 to peer 0x130008000 (10 bytes)
1720781578.790982 sending message 112 to peer 0x130008000 (9 bytes)
1720781578.790990 sending message 112 to peer 0x130008000 (12 bytes)
1720781578.790998 sending message 112 to peer 0x130008000 (13 bytes)
1720781578.791006 sending message 112 to peer 0x130008000 (13 bytes)
1720781578.791014 sending message 112 to peer 0x130008000 (13 bytes)
1720781578.791021 sending message 112 to peer 0x130008000 (13 bytes)
1720781578.791029 sending message 112 to peer 0x130008000 (13 bytes)
1720781578.791037 sending message 112 to peer 0x130008000 (9 bytes)
1720781578.791045 sending message 112 to peer 0x130008000 (12 bytes)
1720781578.791052 sending message 112 to peer 0x130008000 (13 bytes)
1720781578.791060 sending message 112 to peer 0x130008000 (13 bytes)
1720781578.791068 sending message 112 to peer 0x130008000 (13 bytes)
1720781578.791076 sending message 112 to peer 0x130008000 (13 bytes)
1720781578.791092 sending message 112 to peer 0x130008000 (13 bytes)
1720781578.791100 sending message 112 to peer 0x130008000 (11 bytes)
1720781578.791108 sending message 112 to peer 0x130008000 (12 bytes)
1720781578.791116 sending message 112 to peer 0x130008000 (13 bytes)
1720781578.791123 sending message 112 to peer 0x130008000 (13 bytes)
1720781578.791131 sending message 112 to peer 0x130008000 (13 bytes)
1720781578.791139 sending message 112 to peer 0x130008000 (13 bytes)
1720781578.791147 sending message 112 to peer 0x130008000 (13 bytes)
1720781578.791155 sending message 112 to peer 0x130008000 (11 bytes)
1720781578.791162 sending message 112 to peer 0x130008000 (12 bytes)
1720781578.791170 sending message 112 to peer 0x130008000 (12 bytes)
1720781578.791178 sending message 112 to peer 0x130008000 (12 bytes)
1720781578.791186 sending message 112 to peer 0x130008000 (12 bytes)
1720781578.791194 sending message 112 to peer 0x130008000 (12 bytes)
1720781578.791201 sending message 112 to peer 0x130008000 (21 bytes)
1720781578.791209 sending message 112 to peer 0x130008000 (12 bytes)
1720781578.791217 sending message 112 to peer 0x130008000 (9 bytes)
1720781578.791225 sending message 112 to peer 0x130008000 (6 bytes)
1720781578.791233 sending message 112 to peer 0x130008000 (13 bytes)
1720781578.791241 sending message 112 to peer 0x130008000 (8 bytes)
1720781578.791249 sending message 112 to peer 0x130008000 (15 bytes)
1720781578.791257 sending message 112 to peer 0x130008000 (13 bytes)
1720781578.791264 sending message 112 to peer 0x130008000 (9 bytes)
1720781578.791272 sending message 112 to peer 0x130008000 (70 bytes)
1720781578.791280 sending message 112 to peer 0x130008000 (69 bytes)
1720781578.791288 sending message 112 to peer 0x130008000 (10 bytes)
1720781578.791295 sending message 112 to peer 0x130008000 (10 bytes)
1720781578.791303 sending message 112 to peer 0x130008000 (8 bytes)
1720781578.791311 sending message 112 to peer 0x130008000 (15 bytes)
1720781578.791319 sending message 112 to peer 0x130008000 (13 bytes)
1720781578.791326 sending message 112 to peer 0x130008000 (10 bytes)
1720781578.791334 sending message 112 to peer 0x130008000 (10 bytes)
1720781578.791342 sending message 112 to peer 0x130008000 (17 bytes)
1720781578.791350 sending message 112 to peer 0x130008000 (10 bytes)
1720781578.791358 sending message 112 to peer 0x130008000 (13 bytes)
1720781578.791366 sending message 112 to peer 0x130008000 (9 bytes)
1720781578.791374 sending message 112 to peer 0x130008000 (5 bytes)
1720781578.791381 sending message 112 to peer 0x130008000 (15 bytes)
1720781578.791391 sending message 104 to peer 0x130008000 (0 bytes)
1720781578.791399 sending message 110 to peer 0x130008000 (0 bytes)
1720781578.791407 sending message 107 to peer 0x130008000 (4 bytes)
1720781578.791415 sending message 105 to peer 0x130008000 (20 bytes)
1720781578.791423 sending message 105 to peer 0x130008000 (22 bytes)
1720781578.791431 sending message 105 to peer 0x130008000 (23 bytes)
1720781578.791439 sending message 105 to peer 0x130008000 (50 bytes)
1720781578.791446 sending message 105 to peer 0x130008000 (43 bytes)
1720781578.791454 sending message 105 to peer 0x130008000 (30 bytes)
1720781578.791462 sending message 105 to peer 0x130008000 (58 bytes)
1720781578.791470 sending message 105 to peer 0x130008000 (14 bytes)
1720781578.791478 sending message 105 to peer 0x130008000 (24 bytes)
1720781578.791485 sending message 105 to peer 0x130008000 (37 bytes)
1720781578.791493 sending message 105 to peer 0x130008000 (30 bytes)
1720781578.791501 sending message 105 to peer 0x130008000 (34 bytes)
1720781578.791509 sending message 105 to peer 0x130008000 (60 bytes)
1720781578.791516 sending message 105 to peer 0x130008000 (17 bytes)
1720781578.791524 sending message 105 to peer 0x130008000 (27 bytes)
1720781578.791532 sending message 105 to peer 0x130008000 (20 bytes)
1720781578.791540 sending message 105 to peer 0x130008000 (146 bytes)
1720781578.791548 sending message 105 to peer 0x130008000 (35 bytes)
1720781578.791568 sending message 105 to peer 0x130008000 (639 bytes)
1720781578.791577 sending message 105 to peer 0x130008000 (32 bytes)
1720781578.791584 sending message 105 to peer 0x130008000 (15 bytes)
1720781578.791593 sending message 105 to peer 0x130008000 (8 bytes)
1720781578.791601 sending message 105 to peer 0x130008000 (66 bytes)
1720781578.791608 sending message 105 to peer 0x130008000 (38 bytes)
1720781578.791616 sending message 105 to peer 0x130008000 (19 bytes)
1720781578.791624 sending message 105 to peer 0x130008000 (19 bytes)
1720781578.791632 sending message 105 to peer 0x130008000 (18 bytes)
1720781578.791640 sending message 105 to peer 0x130008000 (25 bytes)
1720781578.791647 sending message 105 to peer 0x130008000 (57 bytes)
1720781578.791655 sending message 105 to peer 0x130008000 (44 bytes)
1720781578.791663 sending message 105 to peer 0x130008000 (14 bytes)
1720781578.791671 sending message 105 to peer 0x130008000 (66 bytes)
1720781578.791678 sending message 105 to peer 0x130008000 (17 bytes)
1720781578.791686 sending message 105 to peer 0x130008000 (54 bytes)
1720781578.791694 sending message 105 to peer 0x130008000 (67 bytes)
1720781578.791702 sending message 105 to peer 0x130008000 (72 bytes)
1720781578.791710 sending message 105 to peer 0x130008000 (64 bytes)
1720781578.791717 sending message 105 to peer 0x130008000 (15 bytes)
1720781578.791730 sending message 105 to peer 0x130008000 (75 bytes)
1720781578.791739 sending message 105 to peer 0x130008000 (14 bytes)
1720781578.791747 sending message 105 to peer 0x130008000 (19 bytes)
1720781578.791755 sending message 105 to peer 0x130008000 (11 bytes)
1720781578.791762 sending message 105 to peer 0x130008000 (7 bytes)
1720781578.791770 sending message 105 to peer 0x130008000 (44 bytes)
1720781578.791778 sending message 105 to peer 0x130008000 (39 bytes)
1720781578.791786 sending message 105 to peer 0x130008000 (18 bytes)
1720781578.791794 sending message 105 to peer 0x130008000 (19 bytes)
1720781578.791801 sending message 105 to peer 0x130008000 (25 bytes)
1720781578.791809 sending message 106 to peer 0x130008000 (0 bytes)
1720781578.791901 sending message 200 to peer 0x130008000 (4 bytes)
1720781578.791913 client loop enter
1720781578.792256 peer 0x130008000 message 303
1720781578.792271 open write file 2 -
1720781578.792288 sending message 305 to peer 0x130008000 (8 bytes)
1720781578.792308 write check file 2
1720781578.792359 peer 0x130008000 message 304
1720781578.792372 write 58 to file 2
1720781578.792383 peer 0x130008000 message 203
1720781578.792391 file 2 58 bytes left
1720781578.792409 write check file 2
1720781578.792418 client loop exit
